\BOOKMARK [-1][]{ctitle.-1}{基于对抗神经网络的人脸图片属性识别与生成}{}% 1
\BOOKMARK [0][]{bupt@label@cabstract.0}{摘 要}{ctitle.-1}% 2
\BOOKMARK [0][]{bupt@label@eabstract.0}{ABSTRACT}{ctitle.-1}% 3
\BOOKMARK [0][]{contentsname.0}{目 录}{ctitle.-1}% 4
\BOOKMARK [0][]{bupt@label@listofnotations.0}{符号对照表}{ctitle.-1}% 5
\BOOKMARK [0][]{chapter.1}{绪论}{ctitle.-1}% 6
\BOOKMARK [1][]{section.1.1}{课题研究的背景与意义}{chapter.1}% 7
\BOOKMARK [1][]{section.1.2}{国内外研究现状}{chapter.1}% 8
\BOOKMARK [1][]{section.1.3}{本文的工作与贡献}{chapter.1}% 9
\BOOKMARK [2][]{subsection.1.3.1}{研究内容}{section.1.3}% 10
\BOOKMARK [2][]{subsection.1.3.2}{主要贡献}{section.1.3}% 11
\BOOKMARK [2][]{subsection.1.3.3}{论文的组织结构}{section.1.3}% 12
\BOOKMARK [0][]{chapter.2}{卷积神经网络的相关技术介绍}{ctitle.-1}% 13
\BOOKMARK [1][]{section.2.1}{卷积神经网络的基础操作和训练}{chapter.2}% 14
\BOOKMARK [1][]{section.2.2}{多机多卡策略对于网络训练的提升}{chapter.2}% 15
\BOOKMARK [1][]{section.2.3}{网络前馈速度的优化}{chapter.2}% 16
\BOOKMARK [0][]{chapter.3}{人脸多属性属性识别的架构}{ctitle.-1}% 17
\BOOKMARK [1][]{section.3.1}{人脸属性数据库简介}{chapter.3}% 18
\BOOKMARK [1][]{section.3.2}{人脸属性识别的单任务模型}{chapter.3}% 19
\BOOKMARK [1][]{section.3.3}{人脸属性识别的多任务模型}{chapter.3}% 20
\BOOKMARK [1][]{section.3.4}{人脸属性识别中的网络能力自评估模块的设计}{chapter.3}% 21
\BOOKMARK [0][]{chapter.4}{对抗神经网络在人脸属性中的应用}{ctitle.-1}% 22
\BOOKMARK [1][]{section.4.1}{对抗生成网络相关技术的介绍}{chapter.4}% 23
\BOOKMARK [1][]{section.4.2}{对抗神经网络在人脸属性中的应用}{chapter.4}% 24
\BOOKMARK [1][]{section.4.3}{对抗神经网络对于属性识别中提升}{chapter.4}% 25
\BOOKMARK [0][]{chapter.5}{总结与展望}{ctitle.-1}% 26
\BOOKMARK [1][]{section.5.1}{全文总结}{chapter.5}% 27
\BOOKMARK [1][]{section.5.2}{未来展望}{chapter.5}% 28
\BOOKMARK [0][]{appendix.A}{不定型（0/0）极限的计算}{ctitle.-1}% 29
\BOOKMARK [0][]{section*.18}{致 谢}{ctitle.-1}% 30
\BOOKMARK [0][]{section*.20}{攻读学位期间发表的学术论文目录}{ctitle.-1}% 31
